[      50ms] [INFO] %cDownload the React DevTools for a better development experience: https://react.dev/link/react-devtools font-weight:bold @ http://localhost:38030/node_modules/.vite/deps/react-dom_client.js?v=8e21dbac:20100
[     107ms] [WARNING] The width(-1) and height(-1) of chart should be greater than 0,
       please check the style of container, or the props width(100%) and height(100%),
       or add a minWidth(0) or minHeight(undefined) or use aspect(undefined) to control the
       height and width. @ http://localhost:38030/node_modules/.vite/deps/recharts.js?v=8e21dbac:9120
[     107ms] [WARNING] The width(-1) and height(-1) of chart should be greater than 0,
       please check the style of container, or the props width(100%) and height(100%),
       or add a minWidth(0) or minHeight(undefined) or use aspect(undefined) to control the
       height and width. @ http://localhost:38030/node_modules/.vite/deps/recharts.js?v=8e21dbac:9120
[   38155ms] [INFO] %cDownload the React DevTools for a better development experience: https://react.dev/link/react-devtools font-weight:bold @ http://localhost:38030/node_modules/.vite/deps/react-dom_client.js?v=8e21dbac:20100
[   38210ms] [WARNING] The width(-1) and height(-1) of chart should be greater than 0,
       please check the style of container, or the props width(100%) and height(100%),
       or add a minWidth(0) or minHeight(undefined) or use aspect(undefined) to control the
       height and width. @ http://localhost:38030/node_modules/.vite/deps/recharts.js?v=8e21dbac:9120
[   38210ms] [WARNING] The width(-1) and height(-1) of chart should be greater than 0,
       please check the style of container, or the props width(100%) and height(100%),
       or add a minWidth(0) or minHeight(undefined) or use aspect(undefined) to control the
       height and width. @ http://localhost:38030/node_modules/.vite/deps/recharts.js?v=8e21dbac:9120
[   70191ms] [INFO] %cDownload the React DevTools for a better development experience: https://react.dev/link/react-devtools font-weight:bold @ http://localhost:38030/node_modules/.vite/deps/react-dom_client.js?v=8e21dbac:20100
[   70244ms] [WARNING] The width(-1) and height(-1) of chart should be greater than 0,
       please check the style of container, or the props width(100%) and height(100%),
       or add a minWidth(0) or minHeight(undefined) or use aspect(undefined) to control the
       height and width. @ http://localhost:38030/node_modules/.vite/deps/recharts.js?v=8e21dbac:9120
[   70244ms] [WARNING] The width(-1) and height(-1) of chart should be greater than 0,
       please check the style of container, or the props width(100%) and height(100%),
       or add a minWidth(0) or minHeight(undefined) or use aspect(undefined) to control the
       height and width. @ http://localhost:38030/node_modules/.vite/deps/recharts.js?v=8e21dbac:9120
[  117472ms] [INFO] %cDownload the React DevTools for a better development experience: https://react.dev/link/react-devtools font-weight:bold @ http://localhost:38030/node_modules/.vite/deps/react-dom_client.js?v=8e21dbac:20100
[  117537ms] [WARNING] The width(-1) and height(-1) of chart should be greater than 0,
       please check the style of container, or the props width(100%) and height(100%),
       or add a minWidth(0) or minHeight(undefined) or use aspect(undefined) to control the
       height and width. @ http://localhost:38030/node_modules/.vite/deps/recharts.js?v=8e21dbac:9120
[  117537ms] [WARNING] The width(-1) and height(-1) of chart should be greater than 0,
       please check the style of container, or the props width(100%) and height(100%),
       or add a minWidth(0) or minHeight(undefined) or use aspect(undefined) to control the
       height and width. @ http://localhost:38030/node_modules/.vite/deps/recharts.js?v=8e21dbac:9120
[  187571ms] [INFO] %cDownload the React DevTools for a better development experience: https://react.dev/link/react-devtools font-weight:bold @ http://localhost:38030/node_modules/.vite/deps/react-dom_client.js?v=8e21dbac:20100
[  241020ms] [WARNING] The width(-1) and height(-1) of chart should be greater than 0,
       please check the style of container, or the props width(100%) and height(100%),
       or add a minWidth(0) or minHeight(undefined) or use aspect(undefined) to control the
       height and width. @ http://localhost:38030/node_modules/.vite/deps/recharts.js?v=8e21dbac:9120
[  241020ms] [WARNING] The width(-1) and height(-1) of chart should be greater than 0,
       please check the style of container, or the props width(100%) and height(100%),
       or add a minWidth(0) or minHeight(undefined) or use aspect(undefined) to control the
       height and width. @ http://localhost:38030/node_modules/.vite/deps/recharts.js?v=8e21dbac:9120
[  311359ms] [INFO] %cDownload the React DevTools for a better development experience: https://react.dev/link/react-devtools font-weight:bold @ http://localhost:38030/node_modules/.vite/deps/react-dom_client.js?v=8e21dbac:20100
[  311408ms] [ERROR] Failed to load resource: the server responded with a status of 401 (Unauthorized) @ http://localhost:38030/api/auth/me:0
[  311420ms] [ERROR] Failed to load resource: the server responded with a status of 401 (Unauthorized) @ http://localhost:38030/api/auth/me:0
[  348436ms] [VERBOSE] [DOM] Input elements should have autocomplete attributes (suggested: "current-password"): (More info: https://goo.gl/9p2vKq) %o @ http://localhost:38030/login:0
